
Starting:    C:\Microsemi\Libero_v11.5\Synopsys\synplify_I201403MSP1\win64\mbin\synplify.exe
Install:     C:\Microsemi\Libero_v11.5\Synopsys\synplify_I201403MSP1
Date:        Fri Jun 05 15:40:50 2015
Version:     I-2014.03M-SP1

Arguments:   -product synplify_pro andor_syn.prj
ProductType: synplify_pro

License checkout: synplifypro_actel
License: synplifypro_actel node-locked 
Licensed Vendor: actel
License Option: actel_oem


auto_infer_blackbox is not supported in current product.
log file: "C:\Actelprj\andor\synthesis\andor.srr"

Running andor_syn|synthesis

Running: Compile on andor_syn|synthesis

Running: Compile Process on andor_syn|synthesis

Running: Compile Input on andor_syn|synthesis
Copied C:\Actelprj\andor\synthesis\synwork\andor_comp.so to C:\Actelprj\andor\synthesis\andor.so
compiler exited with errors

Job: "compiler" terminated with error status: 2
See log file: "C:\Actelprj\andor\synthesis\synlog\andor_compiler.srr"
Return Code: 2
Run Time:0h:00m:01s
log file: "C:\Actelprj\andor\synthesis\andor.srr"

Running andor_syn|synthesis

Running: Compile on andor_syn|synthesis

Running: Compile Process on andor_syn|synthesis

Running: Compile Input on andor_syn|synthesis
Copied C:\Actelprj\andor\synthesis\synwork\andor_comp.srs to C:\Actelprj\andor\synthesis\andor.srs

compiler Completed
Return Code: 0
Run Time:0h:00m:01s

Running: Multi-srs Generator on andor_syn|synthesis
Copied C:\Actelprj\andor\synthesis\synwork\andor_comp.srs to C:\Actelprj\andor\synthesis\synwork\andor_s.srs

multi_srs_gen Completed
Return Code: 0
Run Time:0h:00m:02s
Copied C:\Actelprj\andor\synthesis\synwork\andor_mult.srs to C:\Actelprj\andor\synthesis\andor.srs
Complete: Compile Process on andor_syn|synthesis

Running: Pre-mapping on andor_syn|synthesis
Copied C:\Actelprj\andor\synthesis\andor.sap to C:\Actelprj\andor\synthesis\synwork\andor_s.sap

premap Completed
Return Code: 0
Run Time:0h:00m:03s
Complete: Compile on andor_syn|synthesis

Running: Map on andor_syn|synthesis

Running: Map & Optimize on andor_syn|synthesis
Copied C:\Actelprj\andor\synthesis\synwork\andor_m.srm to C:\Actelprj\andor\synthesis\andor.srm

fpga_mapper Completed
Return Code: 0
Run Time:0h:00m:02s
Complete: Map on andor_syn|synthesis
Complete: Logic Synthesis on andor_syn|synthesis
exit status=0
License checkin: synplifypro_actel
